2023-02-21 01:47:23.538 INFO  (main) [] o.e.j.u.log Logging initialized @952ms to org.eclipse.jetty.util.log.Slf4jLog
2023-02-21 01:47:23.754 INFO  (main) [] o.e.j.s.Server jetty-9.4.48.v20220622; built: 2022-06-21T20:42:25.880Z; git: 6b67c5719d1f4371b33655ff2d047d24e171e49a; jvm 17.0.6+10
2023-02-21 01:47:23.988 INFO  (main) [] o.a.s.s.CoreContainerProvider Using logger factory org.apache.logging.slf4j.Log4jLoggerFactory
2023-02-21 01:47:23.997 INFO  (main) [] o.a.s.s.CoreContainerProvider  ___      _       Welcome to Apache Solr™ version 9.1.1
2023-02-21 01:47:23.997 INFO  (main) [] o.a.s.s.CoreContainerProvider / __| ___| |_ _   Starting in standalone mode on port 8983
2023-02-21 01:47:23.998 INFO  (main) [] o.a.s.s.CoreContainerProvider \__ \/ _ \ | '_|  Install dir: /opt/solr
2023-02-21 01:47:23.999 INFO  (main) [] o.a.s.s.CoreContainerProvider |___/\___/_|_|    Start time: 2023-02-21T01:47:23.999694671Z
2023-02-21 01:47:24.004 INFO  (main) [] o.a.s.s.CoreContainerProvider Solr Home: /var/solr/data (source: system property: solr.solr.home)
2023-02-21 01:47:24.008 INFO  (main) [] o.a.s.c.SolrXmlConfig solr.xml not found in SOLR_HOME, using built-in default
2023-02-21 01:47:24.009 INFO  (main) [] o.a.s.c.SolrXmlConfig Loading solr.xml from /opt/solr/server/solr/solr.xml
2023-02-21 01:47:24.065 INFO  (main) [] o.a.s.c.SolrResourceLoader Added 1 libs to classloader, from paths: [/opt/solr/lib]
2023-02-21 01:47:24.781 WARN  (main) [] o.a.s.u.StartupLoggingUtils Jetty request logging enabled. Will retain logs for last 3 days. See chapter "Configuring Logging" in reference guide for how to configure.
2023-02-21 01:47:24.784 WARN  (main) [] o.a.s.c.CoreContainer Not all security plugins configured!  authentication=disabled authorization=disabled.  Solr is only as secure as you make it. Consider configuring authentication/authorization before exposing Solr to users internal or external.  See https://s.apache.org/solrsecurity for more info
2023-02-21 01:47:24.968 INFO  (main) [] o.a.s.c.CorePropertiesLocator Found 2 core definitions underneath /var/solr/data
2023-02-21 01:47:24.969 INFO  (main) [] o.a.s.c.CorePropertiesLocator Cores are: [gettingstarted, my_solr_core]
2023-02-21 01:47:24.971 INFO  (coreLoadExecutor-10-thread-1) [] o.a.s.c.TransientSolrCoreCacheDefault Allocating transient core cache for max 2147483647 cores with initial capacity of 1024
2023-02-21 01:47:25.005 INFO  (coreLoadExecutor-10-thread-2) [ x:my_solr_core] o.a.s.c.SolrConfig Using Lucene MatchVersion: 9.3.0
2023-02-21 01:47:25.019 INFO  (coreLoadExecutor-10-thread-1) [ x:gettingstarted] o.a.s.c.SolrConfig Using Lucene MatchVersion: 9.3.0
2023-02-21 01:47:25.093 INFO  (coreLoadExecutor-10-thread-1) [ x:gettingstarted] o.a.s.s.IndexSchema Schema name=default-config
2023-02-21 01:47:25.098 INFO  (coreLoadExecutor-10-thread-2) [ x:my_solr_core] o.a.s.s.IndexSchema Schema name=default-config
2023-02-21 01:47:25.104 INFO  (main) [] o.e.j.s.h.ContextHandler Started o.e.j.w.WebAppContext@f9d87b{/solr,file:///opt/solr-9.1.1/server/solr-webapp/webapp/,AVAILABLE}{/opt/solr-9.1.1/server/solr-webapp/webapp}
2023-02-21 01:47:25.114 INFO  (main) [] o.e.j.s.RequestLogWriter Opened /var/solr/logs/2023_02_21.request.log
2023-02-21 01:47:25.121 INFO  (main) [] o.e.j.s.AbstractConnector Started ServerConnector@4c4748bf{HTTP/1.1, (http/1.1, h2c)}{0.0.0.0:8983}
2023-02-21 01:47:25.122 INFO  (main) [] o.e.j.s.Server Started @2538ms
2023-02-21 01:47:25.374 INFO  (coreLoadExecutor-10-thread-1) [ x:gettingstarted] o.a.s.s.IndexSchema Loaded schema default-config/1.6 with uniqueid field id
2023-02-21 01:47:25.375 INFO  (coreLoadExecutor-10-thread-1) [ x:gettingstarted] o.a.s.c.CoreContainer Creating SolrCore 'gettingstarted' using configuration from instancedir /var/solr/data/gettingstarted, trusted=true
2023-02-21 01:47:25.402 INFO  (coreLoadExecutor-10-thread-2) [ x:my_solr_core] o.a.s.s.IndexSchema Loaded schema default-config/1.6 with uniqueid field id
2023-02-21 01:47:25.402 INFO  (coreLoadExecutor-10-thread-2) [ x:my_solr_core] o.a.s.c.CoreContainer Creating SolrCore 'my_solr_core' using configuration from instancedir /var/solr/data/my_solr_core, trusted=true
2023-02-21 01:47:25.439 INFO  (coreLoadExecutor-10-thread-2) [ x:my_solr_core] o.a.s.c.SolrCore Opening new SolrCore at [/var/solr/data/my_solr_core], dataDir=[/var/solr/data/my_solr_core/data/]
2023-02-21 01:47:25.444 INFO  (coreLoadExecutor-10-thread-1) [ x:gettingstarted] o.a.s.c.SolrCore Opening new SolrCore at [/var/solr/data/gettingstarted], dataDir=[/var/solr/data/gettingstarted/data/]
2023-02-21 01:47:25.811 INFO  (coreLoadExecutor-10-thread-1) [ x:gettingstarted] o.a.s.u.UpdateHandler Using UpdateLog implementation: org.apache.solr.update.UpdateLog
2023-02-21 01:47:25.811 INFO  (coreLoadExecutor-10-thread-1) [ x:gettingstarted] o.a.s.u.UpdateLog Initializing UpdateLog: dataDir= defaultSyncLevel=FLUSH numRecordsToKeep=100 maxNumLogsToKeep=10 numVersionBuckets=65536
2023-02-21 01:47:25.811 INFO  (coreLoadExecutor-10-thread-2) [ x:my_solr_core] o.a.s.u.UpdateHandler Using UpdateLog implementation: org.apache.solr.update.UpdateLog
2023-02-21 01:47:25.811 INFO  (coreLoadExecutor-10-thread-2) [ x:my_solr_core] o.a.s.u.UpdateLog Initializing UpdateLog: dataDir= defaultSyncLevel=FLUSH numRecordsToKeep=100 maxNumLogsToKeep=10 numVersionBuckets=65536
2023-02-21 01:47:25.836 INFO  (coreLoadExecutor-10-thread-2) [ x:my_solr_core] o.a.s.u.CommitTracker Hard AutoCommit: if uncommitted for 15000ms; 
2023-02-21 01:47:25.836 INFO  (coreLoadExecutor-10-thread-2) [ x:my_solr_core] o.a.s.u.CommitTracker Soft AutoCommit: disabled
2023-02-21 01:47:25.835 INFO  (coreLoadExecutor-10-thread-1) [ x:gettingstarted] o.a.s.u.CommitTracker Hard AutoCommit: if uncommitted for 15000ms; 
2023-02-21 01:47:25.836 INFO  (coreLoadExecutor-10-thread-1) [ x:gettingstarted] o.a.s.u.CommitTracker Soft AutoCommit: disabled
2023-02-21 01:47:26.018 INFO  (coreLoadExecutor-10-thread-1) [ x:gettingstarted] o.a.s.r.ManagedResourceStorage File-based storage initialized to use dir: /var/solr/data/gettingstarted/conf
2023-02-21 01:47:26.020 INFO  (coreLoadExecutor-10-thread-2) [ x:my_solr_core] o.a.s.r.ManagedResourceStorage File-based storage initialized to use dir: /var/solr/data/my_solr_core/conf
2023-02-21 01:47:26.030 INFO  (coreLoadExecutor-10-thread-1) [ x:gettingstarted] o.a.s.s.DirectSolrSpellChecker init: {accuracy=0.5, maxQueryFrequency=0.01, maxEdits=2, minPrefix=1, maxInspections=5, minQueryLength=4, name=default, field=_text_, classname=solr.DirectSolrSpellChecker, distanceMeasure=internal}
2023-02-21 01:47:26.030 INFO  (coreLoadExecutor-10-thread-2) [ x:my_solr_core] o.a.s.s.DirectSolrSpellChecker init: {accuracy=0.5, maxQueryFrequency=0.01, maxEdits=2, minPrefix=1, maxInspections=5, minQueryLength=4, name=default, field=_text_, classname=solr.DirectSolrSpellChecker, distanceMeasure=internal}
2023-02-21 01:47:26.035 INFO  (coreLoadExecutor-10-thread-1) [ x:gettingstarted] o.a.s.h.ReplicationHandler Commits will be reserved for 10000 ms
2023-02-21 01:47:26.036 INFO  (coreLoadExecutor-10-thread-2) [ x:my_solr_core] o.a.s.h.ReplicationHandler Commits will be reserved for 10000 ms
2023-02-21 01:47:26.044 INFO  (searcherExecutor-12-thread-1-processing-my_solr_core) [ x:my_solr_core] o.a.s.c.QuerySenderListener QuerySenderListener done.
2023-02-21 01:47:26.044 INFO  (searcherExecutor-12-thread-1-processing-my_solr_core) [ x:my_solr_core] o.a.s.h.c.SpellCheckComponent Loading spell index for spellchecker: default
2023-02-21 01:47:26.046 INFO  (searcherExecutor-14-thread-1-processing-gettingstarted) [ x:gettingstarted] o.a.s.c.QuerySenderListener QuerySenderListener done.
2023-02-21 01:47:26.046 INFO  (searcherExecutor-14-thread-1-processing-gettingstarted) [ x:gettingstarted] o.a.s.h.c.SpellCheckComponent Loading spell index for spellchecker: default
2023-02-21 01:47:26.051 INFO  (searcherExecutor-14-thread-1-processing-gettingstarted) [ x:gettingstarted] o.a.s.c.SolrCore Registered new searcher autowarm time: 0 ms
2023-02-21 01:47:26.052 INFO  (searcherExecutor-12-thread-1-processing-my_solr_core) [ x:my_solr_core] o.a.s.c.SolrCore Registered new searcher autowarm time: 0 ms
2023-02-21 01:50:45.923 INFO  (qtp2144284609-21) [] o.a.s.s.HttpSolrCall [admin] webapp=null path=/admin/cores params={indexInfo=false&wt=json&_=1676944245847} status=0 QTime=23
2023-02-21 01:50:45.932 INFO  (qtp2144284609-22) [] o.a.s.s.HttpSolrCall [admin] webapp=null path=/admin/info/system params={wt=json&_=1676944245847} status=0 QTime=30
2023-02-21 01:50:45.943 INFO  (qtp2144284609-24) [] o.a.s.s.HttpSolrCall [admin] webapp=null path=/admin/info/system params={wt=json&_=1676944245847} status=0 QTime=6
2023-02-21 01:50:49.462 INFO  (qtp2144284609-20) [] o.a.s.s.HttpSolrCall [admin] webapp=null path=/admin/cores params={indexInfo=false&wt=json&_=1676944245847} status=0 QTime=0
2023-02-21 01:50:49.472 INFO  (qtp2144284609-22) [ x:my_solr_core] o.a.s.c.S.Request webapp=/solr path=/admin/ping params={action=status&wt=json&_=1676944245847&ts=1676944245847} status=503 QTime=6
2023-02-21 01:50:49.477 INFO  (qtp2144284609-19) [ x:my_solr_core] o.a.s.c.S.Request webapp=/solr path=/admin/luke params={numTerms=0&show=index&wt=json&_=1676944249449} status=0 QTime=16
2023-02-21 01:50:49.482 INFO  (qtp2144284609-21) [] o.a.s.s.HttpSolrCall [admin] webapp=null path=/admin/info/system params={wt=json&_=1676944245847} status=0 QTime=18
2023-02-21 01:50:49.482 INFO  (qtp2144284609-24) [ x:my_solr_core] o.a.s.c.S.Request webapp=/solr path=/replication params={wt=json&command=details&_=1676944249449} status=0 QTime=18
2023-02-21 01:50:49.497 INFO  (qtp2144284609-17) [ x:my_solr_core] o.a.s.c.S.Request webapp=/solr path=/admin/system params={wt=json&_=1676944249449} status=0 QTime=34
2023-02-21 01:50:51.342 INFO  (qtp2144284609-23) [] o.a.s.s.HttpSolrCall [admin] webapp=null path=/admin/info/system params={wt=json&_=1676944245847} status=0 QTime=5
2023-02-21 01:50:51.348 INFO  (qtp2144284609-24) [ x:my_solr_core] o.a.s.c.S.Request webapp=/solr path=/admin/luke params={show=schema&wt=json&_=1676944249449} status=0 QTime=5
2023-02-21 01:50:51.349 INFO  (qtp2144284609-25) [] o.a.s.s.HttpSolrCall [admin] webapp=null path=/admin/cores params={indexInfo=false&wt=json&_=1676944245847} status=0 QTime=1
